java.lang.NoClassDefFoundError: org/eclipse/ui/actions/ActionGroup
	at java.lang.ClassLoader.defineClass1(Native Method)
	at java.lang.ClassLoader.defineClass(Unknown Source)
	at java.security.SecureClassLoader.defineClass(Unknown Source)
	at java.net.URLClassLoader.defineClass(Unknown Source)
	at java.net.URLClassLoader.access$100(Unknown Source)
	at java.net.URLClassLoader$1.run(Unknown Source)
	at java.net.URLClassLoader$1.run(Unknown Source)
	at java.security.AccessController.doPrivileged(Native Method)
	at java.net.URLClassLoader.findClass(Unknown Source)
	at java.lang.ClassLoader.loadClass(Unknown Source)
	at sun.misc.Launcher$AppClassLoader.loadClass(Unknown Source)
	at java.lang.ClassLoader.loadClass(Unknown Source)
	at uicode.view.SelectView.show(SelectView.java:51)
	at uicode.Controller$1.keyReleased(Controller.java:136)
	at org.eclipse.swt.widgets.TypedListener.handleEvent(TypedListener.java:175)
	at org.eclipse.swt.widgets.EventTable.sendEvent(EventTable.java:84)
	at org.eclipse.swt.widgets.Display.sendEvent(Display.java:4418)
	at org.eclipse.swt.widgets.Widget.sendEvent(Widget.java:1079)
	at org.eclipse.swt.widgets.Widget.sendEvent(Widget.java:1103)
	at org.eclipse.swt.widgets.Widget.sendEvent(Widget.java:1088)
	at org.eclipse.swt.widgets.Widget.sendKeyEvent(Widget.java:1130)
	at org.eclipse.swt.widgets.Text.sendKeyEvent(Text.java:1789)
	at org.eclipse.swt.widgets.Widget.sendKeyEvent(Widget.java:1126)
	at org.eclipse.swt.widgets.Widget.wmKeyUp(Widget.java:1949)
	at org.eclipse.swt.widgets.Control.WM_KEYUP(Control.java:5176)
	at org.eclipse.swt.widgets.Control.windowProc(Control.java:4832)
	at org.eclipse.swt.widgets.Text.windowProc(Text.java:2704)
	at org.eclipse.swt.widgets.Display.windowProc(Display.java:5110)
	at org.eclipse.swt.internal.win32.OS.DispatchMessageW(Native Method)
	at org.eclipse.swt.internal.win32.OS.DispatchMessage(OS.java:2552)
	at org.eclipse.swt.widgets.Display.readAndDispatch(Display.java:3822)
	at uicode.Controller.open(Controller.java:172)
	at uicode.Controller.main(Controller.java:74)
	at sun.reflect.NativeMethodAccessorImpl.invoke0(Native Method)
	at sun.reflect.NativeMethodAccessorImpl.invoke(Unknown Source)
	at sun.reflect.DelegatingMethodAccessorImpl.invoke(Unknown Source)
	at java.lang.reflect.Method.invoke(Unknown Source)
	at com.exe4j.runtime.LauncherEngine.launch(Unknown Source)
	at com.exe4j.runtime.WinLauncher.main(Unknown Source)
Caused by: java.lang.ClassNotFoundException: org.eclipse.ui.actions.ActionGroup
	at java.net.URLClassLoader.findClass(Unknown Source)
	at java.lang.ClassLoader.loadClass(Unknown Source)
	at sun.misc.Launcher$AppClassLoader.loadClass(Unknown Source)
	at java.lang.ClassLoader.loadClass(Unknown Source)
	... 39 more
